<?xml version="1.0" encoding="UTF-8"?>
<testng-results skipped="0" failed="0" ignored="0" total="1" passed="1">
  <reporter-output>
  </reporter-output>
  <suite name="Default suite" duration-ms="7286" started-at="2019-07-18T06:17:33Z" finished-at="2019-07-18T06:17:40Z">
    <groups>
    </groups>
    <test name="Default test" duration-ms="7286" started-at="2019-07-18T06:17:33Z" finished-at="2019-07-18T06:17:40Z">
      <class name="webservices.PutData">
        <test-method status="PASS" signature="postData()[pri:0, instance:webservices.PutData@13deb50e]" name="postData" duration-ms="7199" started-at="2019-07-18T06:17:33Z" finished-at="2019-07-18T06:17:40Z">
          <reporter-output>
          </reporter-output>
        </test-method> <!-- postData -->
      </class> <!-- webservices.PutData -->
    </test> <!-- Default test -->
  </suite> <!-- Default suite -->
</testng-results>
